[DEBUG] Bot is starting...
[INFO](15/1/2021@12:54:41) Msg from Ujjwal(605120676): haha
[INFO](15/1/2021@12:54:54) Msg from Ujjwal(605120676): Good Morning
[INFO](15/1/2021@12:55:12) Msg from Ujjwal(605120676): good morning
[INFO](15/1/2021@12:56:52) Msg from Ujjwal(809891279): /start
[INFO](15/1/2021@12:57:11) Msg from Ujjwal(809891279): Morning
[INFO](15/1/2021@13:2:36) Msg from Ujjwal(605120676/PUBG Notifications): undefined
[INFO](15/1/2021@13:2:58) Msg from Ujjwal(605120676/PUBG Notifications): I made a bot and added to this group
[INFO](15/1/2021@13:3:5) Msg from Rohan(828692327/PUBG Notifications): undefined
[INFO](15/1/2021@13:3:12) Msg from Ujjwal(605120676/PUBG Notifications): haha
[INFO](15/1/2021@13:3:23) Msg from Ujjwal(605120676/PUBG Notifications): Good Morning
[INFO](15/1/2021@13:3:24) Msg from Rohan(828692327/PUBG Notifications): I thought beautiful gal
[INFO](15/1/2021@13:3:47) Msg from Rohan(828692327/PUBG Notifications): Amr bal ta
[INFO](15/1/2021@13:3:57) Msg from Rohan(828692327/PUBG Notifications): Sokl thke kaj korchi
[INFO](15/1/2021@13:4:46) Msg from Ujjwal(605120676/PUBG Notifications): say "hi bella"
[INFO](15/1/2021@13:5:40) Msg from Ujjwal(605120676/PUBG Notifications): Hi Bella
[DEBUG] Bot is starting...
[INFO](15/1/2021@13:6:17) Msg from Ujjwal(605120676/PUBG Notifications): GN
[INFO](15/1/2021@13:6:29) Msg from Rohan(828692327/PUBG Notifications): 🤧😂😂
[INFO](15/1/2021@13:6:41) Msg from Rohan(828692327/PUBG Notifications): ♥️
[INFO](15/1/2021@13:6:59) Msg from Ujjwal(605120676/PUBG Notifications): Wait.. still learning😂
[INFO](15/1/2021@13:7:35) Msg from Ujjwal(605120676/PUBG Notifications): undefined
[INFO](15/1/2021@13:7:52) Msg from Rohan(828692327/PUBG Notifications): Code it in such a eay she finds me a girlfriend 🥺
[INFO](15/1/2021@13:8:4) Msg from Rohan(828692327/PUBG Notifications): *way
[INFO](15/1/2021@13:8:23) Msg from Ujjwal(605120676/PUBG Notifications): Okay, will do.
[INFO](15/1/2021@13:8:28) Msg from Rohan(828692327/PUBG Notifications): Yes bro
[INFO](15/1/2021@13:8:30) Msg from Rohan(828692327/PUBG Notifications): undefined
[INFO](15/1/2021@13:8:43) Msg from Ujjwal(605120676): hi bella
[INFO](15/1/2021@13:8:54) Msg from Ujjwal(605120676/PUBG Notifications): hi bella
[INFO](15/1/2021@13:9:17) Msg from Rohan(828692327/PUBG Notifications): undefined
[DEBUG] Bot is starting...
[INFO](15/1/2021@13:10:43) Msg from Ujjwal(605120676): find me a girl
[INFO](15/1/2021@13:11:2) Msg from Ujjwal(605120676/PUBG Notifications): Done. Now ask her to find a girl
[INFO](15/1/2021@13:11:12) Msg from Ujjwal(605120676/PUBG Notifications): Rohan
[INFO](15/1/2021@13:11:35) Msg from Rohan(828692327/PUBG Notifications): Hey bella, find me a girl
[INFO](15/1/2021@13:11:45) Msg from Ujjwal(605120676/PUBG Notifications): LOLOLOLOLOLOLOLOL
[INFO](15/1/2021@13:11:50) Msg from Rohan(828692327/PUBG Notifications): F*uk you bella
[INFO](15/1/2021@13:12:4) Msg from Rohan(828692327/PUBG Notifications): 👋👋
[INFO](15/1/2021@13:12:11) Msg from Rohan(828692327/PUBG Notifications): 🥲
[INFO](15/1/2021@13:12:21) Msg from Ujjwal(605120676/PUBG Notifications): Epuc
[INFO](15/1/2021@13:12:22) Msg from Rohan(828692327/PUBG Notifications): Dil ka dariya 
Beh hi gaya😑
[INFO](15/1/2021@13:12:24) Msg from Ujjwal(605120676/PUBG Notifications): *epic
[INFO](15/1/2021@13:12:35) Msg from Rohan(828692327/PUBG Notifications): 😕jemon tui serokm tor bot
[INFO](15/1/2021@13:12:45) Msg from Ujjwal(605120676/PUBG Notifications): 😆
[DEBUG] Bot is starting...
[INFO](15/1/2021@13:13:41) Msg from Ujjwal(605120676): haha
[INFO](15/1/2021@13:14:14) Msg from Rupal(1322498456): /start
[INFO](15/1/2021@13:14:18) Msg from Rupal(1322498456): Hi
[INFO](15/1/2021@13:14:21) Msg from Rupal(1322498456): /start
[INFO](15/1/2021@13:14:28) Msg from Rupal(1322498456): Hello
[INFO](15/1/2021@13:15:3) Msg from Rupal(1322498456): Hi
[INFO](15/1/2021@13:16:45) Msg from Rupal(1322498456): Good night
[INFO](15/1/2021@13:23:9) Msg from Ujjwal(605120676): hi
[INFO](15/1/2021@13:23:14) Msg from Ujjwal(605120676): hi bella
[INFO](15/1/2021@13:23:24) Msg from Rupal(1322498456): On kab hua
[INFO](15/1/2021@13:23:41) Msg from Rupal(1322498456): 😒
[INFO](15/1/2021@13:23:47) Msg from Rupal(1322498456): You dumb bot
[INFO](15/1/2021@13:24:49) Msg from Ujjwal(605120676): Settings
[INFO](15/1/2021@13:25:10) Msg from Ujjwal(605120676): Hi bella
[INFO](15/1/2021@13:26:38) Msg from Ujjwal(605120676): find me a girl
[INFO](15/1/2021@13:30:54) Msg from Rupal(1322498456): Going to the hospital
[INFO](15/1/2021@13:43:9) Msg from Ujjwal(605120676): Start
[INFO](15/1/2021@13:43:15) Msg from Ujjwal(605120676): Send New Post to Subscribers
[INFO](15/1/2021@13:43:19) Msg from Ujjwal(605120676): Form Replies
[INFO](15/1/2021@13:43:22) Msg from Ujjwal(605120676): Settings
[INFO](15/1/2021@13:44:11) Msg from Ujjwal(605120676): /start
[INFO](15/1/2021@13:44:18) Msg from Ujjwal(605120676): Hi bella
[INFO](15/1/2021@13:48:12) Msg from Ujjwal(605120676): Hi bella
[DEBUG] Bot is starting...
[DEBUG] Bot is starting...
[INFO](15/1/2021@13:56:6) Msg from Ujjwal(605120676): Hi
>>>>Hi
[DEBUG] Bot is starting...
[INFO](15/1/2021@13:57:39) Msg from Ujjwal(605120676): Hi, bella
[INFO](15/1/2021@13:57:55) Msg from Ujjwal(605120676): hi, bella
[DEBUG] Bot is starting...
[INFO](15/1/2021@13:58:49) Msg from Ujjwal(605120676): hi, bella
[INFO](15/1/2021@13:59:16) Msg from Ujjwal(605120676): Hi bella
[DEBUG] Bot is starting...
[INFO](15/1/2021@14:0:8) Msg from Ujjwal(605120676): hi, bella
[DEBUG] Bot is starting...
[INFO](15/1/2021@14:1:32) Msg from Ujjwal(605120676): Hi
[INFO](15/1/2021@14:2:10) Msg from Ujjwal(605120676): Hi
[INFO](15/1/2021@14:10:27) Msg from Rupal(1322498456): Hi Bella
{
  message_id: 109,
  from: {
    id: 1322498456,
    is_bot: false,
    first_name: 'Rupal',
    language_code: 'en'
  },
  chat: { id: 1322498456, first_name: 'Rupal', type: 'private' },
  date: 1610700027,
  text: 'Hi Bella'
}
[INFO](15/1/2021@14:10:37) Msg from Rupal(1322498456): Who made you
[INFO](15/1/2021@14:10:46) Msg from Rupal(1322498456): Good morning
{
  message_id: 112,
  from: {
    id: 1322498456,
    is_bot: false,
    first_name: 'Rupal',
    language_code: 'en'
  },
  chat: { id: 1322498456, first_name: 'Rupal', type: 'private' },
  date: 1610700046,
  text: 'Good morning'
}
[INFO](15/1/2021@14:17:55) Msg from Ujjwal(605120676): Hi
[DEBUG] Bot is starting...
[INFO](15/1/2021@14:18:31) Msg from Ujjwal(605120676): Hi
[DEBUG] Bot is starting...
[INFO](15/1/2021@14:20:4) Msg from Ujjwal(605120676): Hi
[INFO](15/1/2021@14:20:19) Msg from Ujjwal(605120676): Hi Bella
605120676
[INFO](15/1/2021@14:20:49) Msg from Ujjwal(605120676): Echo made you
[DEBUG] Bot is starting...
[INFO](15/1/2021@14:21:19) Msg from Ujjwal(605120676): Dihx
[INFO](15/1/2021@14:21:50) Msg from Ujjwal(605120676): Giving
[DEBUG] Bot is starting...
[INFO](15/1/2021@14:22:5) Msg from Ujjwal(605120676): Duff
[INFO](15/1/2021@14:22:37) Msg from Ujjwal(605120676): Hi bella
Ujjwal(605120676)
[INFO](15/1/2021@14:23:20) Msg from Ujjwal(605120676): Hi Bella
Ujjwal(605120676)
[DEBUG] Bot is starting...
[INFO](15/1/2021@14:23:35) Msg from Ujjwal(605120676): Hi bella
Ujjwal
[DEBUG] Bot is starting...
[INFO](15/1/2021@14:26:35) Msg from Ujjwal(605120676): Hi Bella
[INFO](15/1/2021@14:26:42) Msg from Ujjwal(605120676): hi bella
[DEBUG] Bot is starting...
[INFO](15/1/2021@14:27:48) Msg from Ujjwal(605120676): Hi bella
[INFO](15/1/2021@14:27:58) Msg from Ujjwal(605120676): hi bella
[DEBUG] Bot is starting...
[INFO](15/1/2021@14:28:55) Msg from Ujjwal(605120676): Hi
[INFO](15/1/2021@14:29:5) Msg from Ujjwal(605120676): hi bella
[DEBUG] Bot is starting...
[INFO](15/1/2021@14:31:2) Msg from Ujjwal(605120676): hi bella
[DEBUG] Bot is starting...
[INFO](15/1/2021@14:32:5) Msg from Ujjwal(605120676): Hi bella
[INFO](15/1/2021@14:32:11) Msg from Ujjwal(605120676): hi bella
[DEBUG] Bot is starting...
[INFO](15/1/2021@14:33:13) Msg from Ujjwal(605120676): Hi Bella
[DEBUG] Bot is starting...
[INFO](15/1/2021@14:35:43) Msg from Ujjwal(605120676): Hi Bella
[DEBUG] Bot is starting...
[INFO](15/1/2021@14:36:52) Msg from Ujjwal(605120676): Hi Bella
[INFO](15/1/2021@14:38:0) Msg from Ujjwal(605120676): Night
[INFO](15/1/2021@14:38:5) Msg from Ujjwal(605120676): Night
[INFO](15/1/2021@14:38:11) Msg from Ujjwal(605120676): Night
[DEBUG] Bot is starting...
[INFO](15/1/2021@14:39:43) Msg from Ujjwal(605120676): Hi Bella
[INFO](15/1/2021@14:39:49) Msg from Ujjwal(605120676): Night
[DEBUG] Bot is starting...
[INFO](15/1/2021@14:41:43) Msg from Ujjwal(605120676): Hi bella
[DEBUG] Bot is starting...
[INFO](15/1/2021@14:42:20) Msg from Ujjwal(605120676): Hi Bella
[DEBUG] Bot is starting...
[INFO](15/1/2021@14:42:59) Msg from Ujjwal(605120676): Hi Bella
[DEBUG] Bot is starting...
[INFO](15/1/2021@14:43:28) Msg from Ujjwal(605120676): Hi Bella
[INFO](15/1/2021@14:43:47) Msg from Ujjwal(605120676): Night
[DEBUG] Bot is starting...
[INFO](15/1/2021@14:46:9) Msg from Ujjwal(605120676): Hello bella
[INFO](15/1/2021@14:46:23) Msg from Ujjwal(605120676): Sup bella
[INFO](15/1/2021@14:50:41) Msg from Rupal(1322498456): Hi
[INFO](15/1/2021@14:51:4) Msg from Rupal(1322498456): What is your age?
[INFO](15/1/2021@14:51:31) Msg from Rupal(1322498456): Boob?
[INFO](15/1/2021@14:51:35) Msg from Rupal(1322498456): Boobs?
[INFO](15/1/2021@14:53:14) Msg from Rupal(1322498456): Hi Bells
[INFO](15/1/2021@14:53:17) Msg from Rupal(1322498456): Babe
[INFO](15/1/2021@14:53:38) Msg from Rupal(1322498456): Just tell your dad that he should apologise
[INFO](15/1/2021@14:54:37) Msg from Rupal(1322498456): Bola toh
[INFO](15/1/2021@14:54:44) Msg from Rupal(1322498456): Hi i
[INFO](15/1/2021@14:54:46) Msg from Rupal(1322498456): Hi Bella
[INFO](15/1/2021@14:54:56) Msg from Rupal(1322498456): Shut up
[INFO](15/1/2021@14:55:6) Msg from Rupal(1322498456): That's all you know
[INFO](15/1/2021@14:55:42) Msg from Rupal(1322498456): Good night
[INFO](15/1/2021@14:55:50) Msg from Ujjwal(605120676/PUBG Notifications): Hi bella
[INFO](15/1/2021@14:56:6) Msg from Ujjwal(605120676/PUBG Notifications): /hi bella
[INFO](15/1/2021@14:56:24) Msg from Ujjwal(605120676/PUBG Notifications): Find me a girl
[INFO](15/1/2021@14:56:35) Msg from Rupal(1322498456): Babe
[INFO](15/1/2021@14:57:10) Msg from Rohan(828692327/PUBG Notifications): Ses
[INFO](15/1/2021@14:57:12) Msg from Rohan(828692327/PUBG Notifications): Be tui
[INFO](15/1/2021@14:57:12) Msg from Rupal(1322498456): Listen
[INFO](15/1/2021@14:57:28) Msg from Ujjwal(605120676/PUBG Notifications): Testing
[INFO](15/1/2021@14:57:34) Msg from Ujjwal(605120676): Hi
[INFO](15/1/2021@14:57:36) Msg from Rupal(1322498456): Your dad shouted at me without any reason
[INFO](15/1/2021@14:57:49) Msg from Rupal(1322498456): Bad listener
[DEBUG] Bot is starting...
[INFO](15/1/2021@15:1:35) Msg from Ujjwal(605120676): Hi
[INFO](15/1/2021@15:2:0) Msg from Ujjwal(605120676): HSBC
[DEBUG] Bot is starting...
[INFO](15/1/2021@15:3:0) Msg from Ujjwal(605120676): Hi bella
[INFO](15/1/2021@15:3:23) Msg from Ujjwal(605120676): Hi Bella
[DEBUG] Bot is starting...
[INFO](15/1/2021@15:4:30) Msg from Rupal(1322498456): Bells
[DEBUG] Bot is starting...
[INFO](15/1/2021@15:4:42) Msg from Ujjwal(605120676): Hhgd
[INFO](15/1/2021@15:4:49) Msg from Ujjwal(605120676): Hi bella
[INFO](15/1/2021@15:5:1) Msg from Rupal(1322498456): Fine, I better go talk to Google Assistant
[DEBUG] Bot is starting...
[INFO](15/1/2021@15:5:38) Msg from Ujjwal(605120676): Hjsbs
[DEBUG] Bot is starting...
[INFO](15/1/2021@15:6:9) Msg from Ujjwal(605120676): Hi bella
[DEBUG] Bot is starting...
[INFO](15/1/2021@15:7:26) Msg from Ujjwal(605120676/Bella hates you): undefined
[INFO](15/1/2021@15:7:38) Msg from Ujjwal(605120676/Bella hates you): Hi bella
[INFO](15/1/2021@15:8:23) Msg from Rupal(1322498456/Bella hates you): Hi Bella
[INFO](15/1/2021@15:8:30) Msg from Rupal(1322498456/Bella hates you): Okay
[INFO](15/1/2021@15:8:34) Msg from Rupal(1322498456/Bella hates you): Bye
[INFO](15/1/2021@15:8:47) Msg from Ujjwal(605120676/Bella hates you): Lol
[INFO](15/1/2021@15:9:1) Msg from Rupal(1322498456/Bella hates you): Like Father, Like Daughter
[INFO](15/1/2021@15:9:26) Msg from Ujjwal(605120676/Bella hates you): undefined
[INFO](15/1/2021@15:10:3) Msg from Rupal(1322498456/Bella hates you): 😡
[DEBUG] Bot is starting...
[INFO](15/1/2021@15:10:34) Msg from Ujjwal(605120676/Bella hates you): Try again
[INFO](15/1/2021@15:10:46) Msg from Ujjwal(605120676/Bella hates you): She loves you now.
[INFO](15/1/2021@15:11:17) Msg from Rupal(1322498456/Bella hates you): Shut up
[INFO](15/1/2021@15:11:32) Msg from Rupal(1322498456/Bella hates you): Shut up
[INFO](15/1/2021@15:11:33) Msg from Ujjwal(605120676/Bella hates you): undefined
[DEBUG] Bot is starting...
[INFO](15/1/2021@15:12:53) Msg from Rupal(1322498456/Bella hates you): /off
[INFO](15/1/2021@15:13:6) Msg from Rupal(1322498456/Bella hates you): /on
[INFO](15/1/2021@15:13:19) Msg from Rupal(1322498456/Bella hates you): /start
[INFO](15/1/2021@15:13:20) Msg from Rupal(1322498456/Bella hates you): /off
[INFO](15/1/2021@15:13:21) Msg from Rupal(1322498456/Bella hates you): /start
[INFO](15/1/2021@15:13:24) Msg from Rupal(1322498456/Bella hates you): /off
[INFO](15/1/2021@15:13:26) Msg from Ujjwal(605120676/Bella hates you): Lol
[INFO](15/1/2021@15:13:30) Msg from Rupal(1322498456/Bella hates you): undefined
[INFO](15/1/2021@15:13:41) Msg from Rupal(1322498456/Bella hates you): undefined
[INFO](15/1/2021@15:13:56) Msg from Ujjwal(605120676/Bella hates you): Sup bella ?
[INFO](15/1/2021@15:14:39) Msg from Rupal(1322498456/Bella hates you): Ujjwal
[INFO](15/1/2021@15:14:47) Msg from Ujjwal(605120676/Bella hates you): Yeah?
[INFO](15/1/2021@15:14:54) Msg from Rupal(1322498456/Bella hates you): Shut up
[INFO](15/1/2021@15:15:0) Msg from Ujjwal(605120676/Bella hates you): Oh ok
[INFO](15/1/2021@15:15:7) Msg from Rupal(1322498456/Bella hates you): Why is she ignoring me
[INFO](15/1/2021@15:15:55) Msg from Rupal(1322498456): undefined
[DEBUG] Bot is starting...
[INFO](15/1/2021@15:17:33) Msg from Ujjwal(605120676/Bella hates you): You need to mention her name
[INFO](15/1/2021@15:17:52) Msg from Ujjwal(605120676/Bella hates you): Boobs
[INFO](15/1/2021@15:18:6) Msg from Rupal(1322498456/Bella hates you): Bella
[INFO](15/1/2021@15:18:23) Msg from Rupal(1322498456/Bella hates you): 😒
[DEBUG] Bot is starting...
[INFO](15/1/2021@15:18:47) Msg from Ujjwal(605120676/Bella hates you): Savage
[INFO](15/1/2021@15:18:47) Msg from Rupal(1322498456/Bella hates you): 😑
[INFO](15/1/2021@15:19:2) Msg from Rupal(1322498456/Bella hates you): undefined
[INFO](15/1/2021@15:19:7) Msg from Ujjwal(605120676/PUBG Notifications): Boobs
[INFO](15/1/2021@15:19:18) Msg from Ujjwal(605120676/Bella hates you): Neka
[INFO](15/1/2021@15:19:26) Msg from Rupal(1322498456/Bella hates you): Bye😓
[INFO](15/1/2021@15:19:31) Msg from Ujjwal(605120676/Bella hates you): Awww
[INFO](15/1/2021@15:19:41) Msg from Ujjwal(605120676/Bella hates you): I love you?🌝
[INFO](15/1/2021@15:19:54) Msg from Ujjwal(605120676/PUBG Notifications): undefined
[INFO](15/1/2021@15:19:58) Msg from Rupal(1322498456/Bella hates you): undefined
[INFO](15/1/2021@15:20:30) Msg from Ujjwal(605120676/Nunku-belar-bondhu): undefined
[INFO](15/1/2021@15:20:51) Msg from Ujjwal(605120676/Bella hates you): Please?
[INFO](15/1/2021@15:21:2) Msg from Ujjwal(605120676/Bella hates you): undefined
[INFO](15/1/2021@15:21:55) Msg from Ujjwal(605120676): Hey
[INFO](15/1/2021@15:22:25) Msg from Ujjwal(605120676): Hey bella
[INFO](15/1/2021@15:22:37) Msg from Ujjwal(605120676): Bella
[INFO](15/1/2021@15:22:42) Msg from Ujjwal(605120676): Shut up bella
[DEBUG] Bot is starting...
[INFO](15/1/2021@15:24:3) Msg from Ujjwal(605120676): Hey
[INFO](15/1/2021@15:24:6) Msg from Ujjwal(605120676): Hey bella
[DEBUG] Bot is starting...
[DEBUG] Bot is starting...
[INFO](15/1/2021@15:29:37) Msg from Rupal(1322498456/Bella hates you): 🙅‍♀
[INFO](15/1/2021@15:32:8) Msg from Ujjwal(605120676/Bella hates you): Ok
[INFO](15/1/2021@15:33:32) Msg from Ujjwal(605120676): Hi Bella
[DEBUG] Bot is starting...
[INFO](15/1/2021@15:34:25) Msg from Ujjwal(605120676): Find me a girl
[INFO](15/1/2021@15:58:32) Msg from Ujjwal(605120676): Hi bella
[INFO](15/1/2021@15:58:37) Msg from Ujjwal(605120676): boobs
